<?xml version="1.0" encoding="UTF-8"?>
<!-- Generated by org.testng.reporters.JUnitReportReporter -->
<testsuite hostname="sb-HP-Pavilion-Sleekbook-15-PC" failures="0" tests="2" name="Scenarios.Scenario" time="0.034" errors="0" timestamp="10 Jul 2019 14:30:01 GMT" skipped="0">
  <testcase classname="Scenarios.Scenario" name="second" time="0.028"/>
  <testcase classname="Scenarios.Scenario" name="third" time="0.006"/>
</testsuite> <!-- Scenarios.Scenario -->
