<?xml version="1.0" encoding="UTF-8"?>
<!-- Generated by org.testng.reporters.JUnitReportReporter -->
<testsuite hostname="sb-HP-Pavilion-Sleekbook-15-PC" failures="0" tests="1" name="A.B" time="0.002" errors="0" timestamp="23 Jun 2019 18:39:33 GMT" skipped="0">
  <testcase classname="A.B" name="depend" time="0.002"/>
</testsuite> <!-- A.B -->
