<?xml version="1.0" encoding="UTF-8"?>
<!-- Generated by org.testng.reporters.JUnitReportReporter -->
<testsuite hostname="sb-HP-Pavilion-Sleekbook-15-PC" failures="0" tests="2" name="Scenarios.Scenario" time="0.063" errors="0" timestamp="26 Jun 2019 18:26:36 GMT" skipped="0">
  <testcase classname="Scenarios.Scenario" name="third" time="0.012"/>
  <testcase classname="Scenarios.Scenario" name="second" time="0.051"/>
</testsuite> <!-- Scenarios.Scenario -->
