<?xml version="1.0" encoding="UTF-8"?>
<!-- Generated by org.testng.reporters.JUnitReportReporter -->
<testsuite hostname="sb-HP-Pavilion-Sleekbook-15-PC" failures="0" tests="1" name="B.B" time="0.004" errors="0" timestamp="24 Jun 2019 10:19:23 GMT" skipped="0">
  <testcase classname="B.B" name="depend" time="0.004"/>
</testsuite> <!-- B.B -->
