<?xml version="1.0" encoding="UTF-8"?>
<!-- Generated by org.testng.reporters.JUnitReportReporter -->
<testsuite hostname="sb-HP-Pavilion-Sleekbook-15-PC" failures="0" tests="1" name="Scenarios.TimesOfIndia" time="64.598" errors="0" timestamp="28 Jun 2019 14:01:21 GMT" skipped="0">
  <testcase classname="Scenarios.TimesOfIndia" name="clickAllLinks" time="64.598"/>
</testsuite> <!-- Scenarios.TimesOfIndia -->
