<?xml version="1.0" encoding="UTF-8"?>
<!-- Generated by org.testng.reporters.JUnitReportReporter -->
<testsuite hostname="sb-HP-Pavilion-Sleekbook-15-PC" failures="0" tests="1" name="Scenarios.RedBusWindowHandle" time="17.142" errors="0" timestamp="10 Jul 2019 15:37:28 GMT" skipped="0">
  <testcase classname="Scenarios.RedBusWindowHandle" name="clickAllLinks" time="17.142"/>
</testsuite> <!-- Scenarios.RedBusWindowHandle -->
