<?xml version="1.0" encoding="UTF-8"?>
<!-- Generated by org.testng.reporters.JUnitReportReporter -->
<testsuite hostname="sb-HP-Pavilion-Sleekbook-15-PC" failures="0" tests="1" name="RestAssuredLearning.GetWeatherDetails" time="3.963" errors="0" timestamp="15 Jul 2019 13:36:47 GMT" skipped="0">
  <testcase classname="RestAssuredLearning.GetWeatherDetails" name="getWeatherDetails" time="3.963"/>
</testsuite> <!-- RestAssuredLearning.GetWeatherDetails -->
