<?xml version="1.0" encoding="UTF-8"?>
<!-- Generated by org.testng.reporters.JUnitReportReporter -->
<testsuite hostname="sb-HP-Pavilion-Sleekbook-15-PC" failures="0" tests="1" name="B.C" time="26.465" errors="0" timestamp="01 Aug 2019 10:38:05 GMT" skipped="0">
  <testcase classname="B.C" name="ABC" time="26.465"/>
</testsuite> <!-- B.C -->
