<?xml version="1.0" encoding="UTF-8"?>
<!-- Generated by org.testng.reporters.JUnitReportReporter -->
<testsuite hostname="sb-HP-Pavilion-Sleekbook-15-PC" failures="0" tests="5" name="TestNGPractice.C" time="0.013" errors="0" timestamp="10 Jul 2019 14:46:44 GMT" skipped="0">
  <testcase classname="TestNGPractice.C" name="m4" time="0.003"/>
  <testcase classname="TestNGPractice.C" name="m2" time="0.003"/>
  <testcase classname="TestNGPractice.C" name="m3" time="0.003"/>
  <testcase classname="TestNGPractice.C" name="m1" time="0.002"/>
  <testcase classname="TestNGPractice.C" name="m5" time="0.002"/>
</testsuite> <!-- TestNGPractice.C -->
