<?xml version="1.0" encoding="UTF-8"?>
<!-- Generated by org.testng.reporters.JUnitReportReporter -->
<testsuite hostname="sb-HP-Pavilion-Sleekbook-15-PC" failures="0" tests="1" name="A.A" time="0.019" errors="0" timestamp="24 Jun 2019 10:19:23 GMT" skipped="0">
  <testcase classname="A.A" name="m1" time="0.019"/>
</testsuite> <!-- A.A -->
