<?xml version="1.0" encoding="UTF-8"?>
<!-- Generated by org.testng.reporters.JUnitReportReporter -->
<testsuite hostname="sb-HP-Pavilion-Sleekbook-15-PC" failures="0" tests="1" name="Scenarios.TimesOfIndia" time="85.801" errors="0" timestamp="28 Jun 2019 13:09:33 GMT" skipped="0">
  <testcase classname="Scenarios.TimesOfIndia" name="clickAllLinks" time="85.801"/>
</testsuite> <!-- Scenarios.TimesOfIndia -->
