<?xml version="1.0" encoding="UTF-8"?>
<!-- Generated by org.testng.reporters.JUnitReportReporter -->
<testsuite hostname="sb-HP-Pavilion-Sleekbook-15-PC" failures="0" tests="5" name="TestNGPractice.A" time="0.036" errors="0" timestamp="10 Jul 2019 14:37:55 GMT" skipped="0">
  <testcase classname="TestNGPractice.A" name="m1" time="0.021"/>
  <testcase classname="TestNGPractice.A" name="m5" time="0.005"/>
  <testcase classname="TestNGPractice.A" name="m2" time="0.003"/>
  <testcase classname="TestNGPractice.A" name="m4" time="0.003"/>
  <testcase classname="TestNGPractice.A" name="m3" time="0.004"/>
</testsuite> <!-- TestNGPractice.A -->
